# JRE version: OpenJDK Runtime Environment Temurin-17.0.4.1+1 (17.0.4.1+1) (build 17.0.4.1+1)
# Java VM: OpenJDK 64-Bit Server VM Temurin-17.0.4.1+1 (17.0.4.1+1, mixed mode, tiered, compressed oops, compressed class ptrs, parallel gc, windows-amd64)
GC Precious Log:
 CPUs: 12 total, 12 available
 Memory: 6005M
 Large Page Support: Disabled
 NUMA Support: Disabled
 Compressed Oops: Enabled (32-bit)
 Alignments: Space 512K, Generation 512K, Heap 2M
 Heap Min Capacity: 100M
 Heap Initial Capacity: 100M
 Heap Max Capacity: 1G
 Pre-touch: Disabled
 Parallel Workers: 10
Heap:
 PSYoungGen      total 1024K, used 621K [0x00000000eab00000, 0x00000000ead00000, 0x0000000100000000)
  eden space 512K, 52% used [0x00000000eab00000,0x00000000eab43d18,0x00000000eab80000)
  from space 512K, 68% used [0x00000000eac80000,0x00000000eacd7800,0x00000000ead00000)
  to   space 512K, 0% used [0x00000000eab80000,0x00000000eab80000,0x00000000eac00000)
 ParOldGen       total 100352K, used 94505K [0x00000000c0000000, 0x00000000c6200000, 0x00000000eab00000)
  object space 100352K, 94% used [0x00000000c0000000,0x00000000c5c4a598,0x00000000c6200000)
 Metaspace       used 69342K, committed 70528K, reserved 1114112K
  class space    used 6807K, committed 7360K, reserved 1048576K
GC Heap History (20 events):
Event: 40164.408 GC heap before
{Heap before GC invocations=546 (full 8):
 PSYoungGen      total 1024K, used 735K [0x00000000eab00000, 0x00000000ead00000, 0x0000000100000000)
  eden space 512K, 99% used [0x00000000eab00000,0x00000000eab7ffe0,0x00000000eab80000)
  from space 512K, 43% used [0x00000000eac80000,0x00000000eacb8000,0x00000000ead00000)
  to   space 512K, 0% used [0x00000000eab80000,0x00000000eab80000,0x00000000eac00000)
 ParOldGen       total 100352K, used 92041K [0x00000000c0000000, 0x00000000c6200000, 0x00000000eab00000)
  object space 100352K, 91% used [0x00000000c0000000,0x00000000c59e26b0,0x00000000c6200000)
 Metaspace       used 69039K, committed 70208K, reserved 1114112K
  class space    used 6779K, committed 7296K, reserved 1048576K
}
Event: 40164.414 GC heap after
{Heap after GC invocations=546 (full 8):
 PSYoungGen      total 1024K, used 320K [0x00000000eab00000, 0x00000000ead00000, 0x0000000100000000)
  eden space 512K, 0% used [0x00000000eab00000,0x00000000eab00000,0x00000000eab80000)
  from space 512K, 62% used [0x00000000eab80000,0x00000000eabd0000,0x00000000eac00000)
  to   space 512K, 0% used [0x00000000eac80000,0x00000000eac80000,0x00000000ead00000)
 ParOldGen       total 100352K, used 92105K [0x00000000c0000000, 0x00000000c6200000, 0x00000000eab00000)
  object space 100352K, 91% used [0x00000000c0000000,0x00000000c59f26c0,0x00000000c6200000)
 Metaspace       used 69039K, committed 70208K, reserved 1114112K
  class space    used 6779K, committed 7296K, reserved 1048576K
}
Event: 40164.540 GC heap before
{Heap before GC invocations=547 (full 8):
 PSYoungGen      total 1024K, used 831K [0x00000000eab00000, 0x00000000ead00000, 0x0000000100000000)
  eden space 512K, 99% used [0x00000000eab00000,0x00000000eab7fff8,0x00000000eab80000)
  from space 512K, 62% used [0x00000000eab80000,0x00000000eabd0000,0x00000000eac00000)
  to   space 512K, 0% used [0x00000000eac80000,0x00000000eac80000,0x00000000ead00000)
 ParOldGen       total 100352K, used 92105K [0x00000000c0000000, 0x00000000c6200000, 0x00000000eab00000)
  object space 100352K, 91% used [0x00000000c0000000,0x00000000c59f26c0,0x00000000c6200000)
 Metaspace       used 69061K, committed 70272K, reserved 1114112K
  class space    used 6780K, committed 7296K, reserved 1048576K
}
Event: 40164.544 GC heap after
{Heap after GC invocations=547 (full 8):
 PSYoungGen      total 1024K, used 320K [0x00000000eab00000, 0x00000000ead00000, 0x0000000100000000)
  eden space 512K, 0% used [0x00000000eab00000,0x00000000eab00000,0x00000000eab80000)
  from space 512K, 62% used [0x00000000eac80000,0x00000000eacd0000,0x00000000ead00000)
  to   space 512K, 0% used [0x00000000eab80000,0x00000000eab80000,0x00000000eac00000)
 ParOldGen       total 100352K, used 92222K [0x00000000c0000000, 0x00000000c6200000, 0x00000000eab00000)
  object space 100352K, 91% used [0x00000000c0000000,0x00000000c5a0f980,0x00000000c6200000)
 Metaspace       used 69061K, committed 70272K, reserved 1114112K
  class space    used 6780K, committed 7296K, reserved 1048576K
}
Event: 40164.679 GC heap before
{Heap before GC invocations=548 (full 8):
 PSYoungGen      total 1024K, used 817K [0x00000000eab00000, 0x00000000ead00000, 0x0000000100000000)
  eden space 512K, 97% used [0x00000000eab00000,0x00000000eab7c5f0,0x00000000eab80000)
  from space 512K, 62% used [0x00000000eac80000,0x00000000eacd0000,0x00000000ead00000)
  to   space 512K, 0% used [0x00000000eab80000,0x00000000eab80000,0x00000000eac00000)
 ParOldGen       total 100352K, used 92222K [0x00000000c0000000, 0x00000000c6200000, 0x00000000eab00000)
  object space 100352K, 91% used [0x00000000c0000000,0x00000000c5a0f980,0x00000000c6200000)
 Metaspace       used 69105K, committed 70272K, reserved 1114112K
  class space    used 6782K, committed 7296K, reserved 1048576K
}
Event: 40164.685 GC heap after
{Heap after GC invocations=548 (full 8):
 PSYoungGen      total 1024K, used 288K [0x00000000eab00000, 0x00000000ead00000, 0x0000000100000000)
  eden space 512K, 0% used [0x00000000eab00000,0x00000000eab00000,0x00000000eab80000)
  from space 512K, 56% used [0x00000000eab80000,0x00000000eabc8000,0x00000000eac00000)
  to   space 512K, 0% used [0x00000000eac80000,0x00000000eac80000,0x00000000ead00000)
 ParOldGen       total 100352K, used 92358K [0x00000000c0000000, 0x00000000c6200000, 0x00000000eab00000)
  object space 100352K, 92% used [0x00000000c0000000,0x00000000c5a31990,0x00000000c6200000)
 Metaspace       used 69105K, committed 70272K, reserved 1114112K
  class space    used 6782K, committed 7296K, reserved 1048576K
}
Event: 40164.696 GC heap before
{Heap before GC invocations=549 (full 8):
 PSYoungGen      total 1024K, used 800K [0x00000000eab00000, 0x00000000ead00000, 0x0000000100000000)
  eden space 512K, 100% used [0x00000000eab00000,0x00000000eab80000,0x00000000eab80000)
  from space 512K, 56% used [0x00000000eab80000,0x00000000eabc8000,0x00000000eac00000)
  to   space 512K, 0% used [0x00000000eac80000,0x00000000eac80000,0x00000000ead00000)
 ParOldGen       total 100352K, used 92358K [0x00000000c0000000, 0x00000000c6200000, 0x00000000eab00000)
  object space 100352K, 92% used [0x00000000c0000000,0x00000000c5a31990,0x00000000c6200000)
 Metaspace       used 69106K, committed 70272K, reserved 1114112K
  class space    used 6782K, committed 7296K, reserved 1048576K
}
Event: 40164.700 GC heap after
{Heap after GC invocations=549 (full 8):
 PSYoungGen      total 1024K, used 256K [0x00000000eab00000, 0x00000000ead00000, 0x0000000100000000)
  eden space 512K, 0% used [0x00000000eab00000,0x00000000eab00000,0x00000000eab80000)
  from space 512K, 50% used [0x00000000eac80000,0x00000000eacc0000,0x00000000ead00000)
  to   space 512K, 0% used [0x00000000eab80000,0x00000000eab80000,0x00000000eac00000)
 ParOldGen       total 100352K, used 92457K [0x00000000c0000000, 0x00000000c6200000, 0x00000000eab00000)
  object space 100352K, 92% used [0x00000000c0000000,0x00000000c5a4a6e8,0x00000000c6200000)
 Metaspace       used 69106K, committed 70272K, reserved 1114112K
  class space    used 6782K, committed 7296K, reserved 1048576K
}
Event: 40164.711 GC heap before
{Heap before GC invocations=550 (full 8):
 PSYoungGen      total 1024K, used 768K [0x00000000eab00000, 0x00000000ead00000, 0x0000000100000000)
  eden space 512K, 100% used [0x00000000eab00000,0x00000000eab80000,0x00000000eab80000)
  from space 512K, 50% used [0x00000000eac80000,0x00000000eacc0000,0x00000000ead00000)
  to   space 512K, 0% used [0x00000000eab80000,0x00000000eab80000,0x00000000eac00000)
 ParOldGen       total 100352K, used 92457K [0x00000000c0000000, 0x00000000c6200000, 0x00000000eab00000)
  object space 100352K, 92% used [0x00000000c0000000,0x00000000c5a4a6e8,0x00000000c6200000)
 Metaspace       used 69109K, committed 70272K, reserved 1114112K
  class space    used 6782K, committed 7296K, reserved 1048576K
}
Event: 40164.714 GC heap after
{Heap after GC invocations=550 (full 8):
 PSYoungGen      total 1024K, used 288K [0x00000000eab00000, 0x00000000ead00000, 0x0000000100000000)
  eden space 512K, 0% used [0x00000000eab00000,0x00000000eab00000,0x00000000eab80000)
  from space 512K, 56% used [0x00000000eab80000,0x00000000eabc8000,0x00000000eac00000)
  to   space 512K, 0% used [0x00000000eac80000,0x00000000eac80000,0x00000000ead00000)
 ParOldGen       total 100352K, used 92516K [0x00000000c0000000, 0x00000000c6200000, 0x00000000eab00000)
  object space 100352K, 92% used [0x00000000c0000000,0x00000000c5a59048,0x00000000c6200000)
 Metaspace       used 69109K, committed 70272K, reserved 1114112K
  class space    used 6782K, committed 7296K, reserved 1048576K
}
Event: 40164.818 GC heap before
{Heap before GC invocations=551 (full 8):
 PSYoungGen      total 1024K, used 800K [0x00000000eab00000, 0x00000000ead00000, 0x0000000100000000)
  eden space 512K, 100% used [0x00000000eab00000,0x00000000eab80000,0x00000000eab80000)
  from space 512K, 56% used [0x00000000eab80000,0x00000000eabc8000,0x00000000eac00000)
  to   space 512K, 0% used [0x00000000eac80000,0x00000000eac80000,0x00000000ead00000)
 ParOldGen       total 100352K, used 92516K [0x00000000c0000000, 0x00000000c6200000, 0x00000000eab00000)
  object space 100352K, 92% used [0x00000000c0000000,0x00000000c5a59048,0x00000000c6200000)
 Metaspace       used 69131K, committed 70272K, reserved 1114112K
  class space    used 6783K, committed 7296K, reserved 1048576K
}
Event: 40164.819 GC heap after
{Heap after GC invocations=551 (full 8):
 PSYoungGen      total 1024K, used 320K [0x00000000eab00000, 0x00000000ead00000, 0x0000000100000000)
  eden space 512K, 0% used [0x00000000eab00000,0x00000000eab00000,0x00000000eab80000)
  from space 512K, 62% used [0x00000000eac80000,0x00000000eacd0000,0x00000000ead00000)
  to   space 512K, 0% used [0x00000000eab80000,0x00000000eab80000,0x00000000eac00000)
 ParOldGen       total 100352K, used 92588K [0x00000000c0000000, 0x00000000c6200000, 0x00000000eab00000)
  object space 100352K, 92% used [0x00000000c0000000,0x00000000c5a6b048,0x00000000c6200000)
 Metaspace       used 69131K, committed 70272K, reserved 1114112K
  class space    used 6783K, committed 7296K, reserved 1048576K
}
Event: 40164.931 GC heap before
{Heap before GC invocations=552 (full 8):
 PSYoungGen      total 1024K, used 826K [0x00000000eab00000, 0x00000000ead00000, 0x0000000100000000)
  eden space 512K, 98% used [0x00000000eab00000,0x00000000eab7e960,0x00000000eab80000)
  from space 512K, 62% used [0x00000000eac80000,0x00000000eacd0000,0x00000000ead00000)
  to   space 512K, 0% used [0x00000000eab80000,0x00000000eab80000,0x00000000eac00000)
 ParOldGen       total 100352K, used 92588K [0x00000000c0000000, 0x00000000c6200000, 0x00000000eab00000)
  object space 100352K, 92% used [0x00000000c0000000,0x00000000c5a6b048,0x00000000c6200000)
 Metaspace       used 69212K, committed 70400K, reserved 1114112K
  class space    used 6795K, committed 7360K, reserved 1048576K
}
Event: 40164.933 GC heap after
{Heap after GC invocations=552 (full 8):
 PSYoungGen      total 1024K, used 256K [0x00000000eab00000, 0x00000000ead00000, 0x0000000100000000)
  eden space 512K, 0% used [0x00000000eab00000,0x00000000eab00000,0x00000000eab80000)
  from space 512K, 50% used [0x00000000eab80000,0x00000000eabc0000,0x00000000eac00000)
  to   space 512K, 0% used [0x00000000eac80000,0x00000000eac80000,0x00000000ead00000)
 ParOldGen       total 100352K, used 92716K [0x00000000c0000000, 0x00000000c6200000, 0x00000000eab00000)
  object space 100352K, 92% used [0x00000000c0000000,0x00000000c5a8b048,0x00000000c6200000)
 Metaspace       used 69212K, committed 70400K, reserved 1114112K
  class space    used 6795K, committed 7360K, reserved 1048576K
}
Event: 40166.004 GC heap before
{Heap before GC invocations=553 (full 8):
 PSYoungGen      total 1024K, used 768K [0x00000000eab00000, 0x00000000ead00000, 0x0000000100000000)
  eden space 512K, 100% used [0x00000000eab00000,0x00000000eab80000,0x00000000eab80000)
  from space 512K, 50% used [0x00000000eab80000,0x00000000eabc0000,0x00000000eac00000)
  to   space 512K, 0% used [0x00000000eac80000,0x00000000eac80000,0x00000000ead00000)
 ParOldGen       total 100352K, used 94214K [0x00000000c0000000, 0x00000000c6200000, 0x00000000eab00000)
  object space 100352K, 93% used [0x00000000c0000000,0x00000000c5c01bf8,0x00000000c6200000)
 Metaspace       used 69278K, committed 70464K, reserved 1114112K
  class space    used 6800K, committed 7360K, reserved 1048576K
}
Event: 40166.006 GC heap after
{Heap after GC invocations=553 (full 8):
 PSYoungGen      total 1024K, used 288K [0x00000000eab00000, 0x00000000ead00000, 0x0000000100000000)
  eden space 512K, 0% used [0x00000000eab00000,0x00000000eab00000,0x00000000eab80000)
  from space 512K, 56% used [0x00000000eac80000,0x00000000eacc8020,0x00000000ead00000)
  to   space 512K, 0% used [0x00000000eab80000,0x00000000eab80000,0x00000000eac00000)
 ParOldGen       total 100352K, used 94262K [0x00000000c0000000, 0x00000000c6200000, 0x00000000eab00000)
  object space 100352K, 93% used [0x00000000c0000000,0x00000000c5c0dbf8,0x00000000c6200000)
 Metaspace       used 69278K, committed 70464K, reserved 1114112K
  class space    used 6800K, committed 7360K, reserved 1048576K
}
Event: 40166.062 GC heap before
{Heap before GC invocations=554 (full 8):
 PSYoungGen      total 1024K, used 800K [0x00000000eab00000, 0x00000000ead00000, 0x0000000100000000)
  eden space 512K, 100% used [0x00000000eab00000,0x00000000eab80000,0x00000000eab80000)
  from space 512K, 56% used [0x00000000eac80000,0x00000000eacc8020,0x00000000ead00000)
  to   space 512K, 0% used [0x00000000eab80000,0x00000000eab80000,0x00000000eac00000)
 ParOldGen       total 100352K, used 94262K [0x00000000c0000000, 0x00000000c6200000, 0x00000000eab00000)
  object space 100352K, 93% used [0x00000000c0000000,0x00000000c5c0dbf8,0x00000000c6200000)
 Metaspace       used 69317K, committed 70528K, reserved 1114112K
  class space    used 6805K, committed 7360K, reserved 1048576K
}
Event: 40166.065 GC heap after
{Heap after GC invocations=554 (full 8):
 PSYoungGen      total 1024K, used 224K [0x00000000eab00000, 0x00000000ead00000, 0x0000000100000000)
  eden space 512K, 0% used [0x00000000eab00000,0x00000000eab00000,0x00000000eab80000)
  from space 512K, 43% used [0x00000000eab80000,0x00000000eabb8000,0x00000000eac00000)
  to   space 512K, 0% used [0x00000000eac80000,0x00000000eac80000,0x00000000ead00000)
 ParOldGen       total 100352K, used 94399K [0x00000000c0000000, 0x00000000c6200000, 0x00000000eab00000)
  object space 100352K, 94% used [0x00000000c0000000,0x00000000c5c2fc38,0x00000000c6200000)
 Metaspace       used 69317K, committed 70528K, reserved 1114112K
  class space    used 6805K, committed 7360K, reserved 1048576K
}
Event: 40166.079 GC heap before
{Heap before GC invocations=555 (full 8):
 PSYoungGen      total 1024K, used 735K [0x00000000eab00000, 0x00000000ead00000, 0x0000000100000000)
  eden space 512K, 99% used [0x00000000eab00000,0x00000000eab7fff0,0x00000000eab80000)
  from space 512K, 43% used [0x00000000eab80000,0x00000000eabb8000,0x00000000eac00000)
  to   space 512K, 0% used [0x00000000eac80000,0x00000000eac80000,0x00000000ead00000)
 ParOldGen       total 100352K, used 94399K [0x00000000c0000000, 0x00000000c6200000, 0x00000000eab00000)
  object space 100352K, 94% used [0x00000000c0000000,0x00000000c5c2fc38,0x00000000c6200000)
 Metaspace       used 69325K, committed 70528K, reserved 1114112K
  class space    used 6807K, committed 7360K, reserved 1048576K
}
Event: 40166.081 GC heap after
{Heap after GC invocations=555 (full 8):
 PSYoungGen      total 1024K, used 350K [0x00000000eab00000, 0x00000000ead00000, 0x0000000100000000)
  eden space 512K, 0% used [0x00000000eab00000,0x00000000eab00000,0x00000000eab80000)
  from space 512K, 68% used [0x00000000eac80000,0x00000000eacd7800,0x00000000ead00000)
  to   space 512K, 0% used [0x00000000eab80000,0x00000000eab80000,0x00000000eac00000)
 ParOldGen       total 100352K, used 94505K [0x00000000c0000000, 0x00000000c6200000, 0x00000000eab00000)
  object space 100352K, 94% used [0x00000000c0000000,0x00000000c5c4a598,0x00000000c6200000)
 Metaspace       used 69325K, committed 70528K, reserved 1114112K
  class space    used 6807K, committed 7360K, reserved 1048576K
}

