# JRE version: OpenJDK Runtime Environment Temurin-17.0.4.1+1 (17.0.4.1+1) (build 17.0.4.1+1)
# Java VM: OpenJDK 64-Bit Server VM Temurin-17.0.4.1+1 (17.0.4.1+1, mixed mode, tiered, compressed oops, compressed class ptrs, parallel gc, windows-amd64)
GC Precious Log:
 CPUs: 12 total, 12 available
 Memory: 6005M
 Large Page Support: Disabled
 NUMA Support: Disabled
 Compressed Oops: Enabled (32-bit)
 Alignments: Space 512K, Generation 512K, Heap 2M
 Heap Min Capacity: 100M
 Heap Initial Capacity: 100M
 Heap Max Capacity: 1G
 Pre-touch: Disabled
 Parallel Workers: 10
Heap:
 PSYoungGen      total 23552K, used 12733K [0x00000000eab00000, 0x00000000ec500000, 0x0000000100000000)
  eden space 22016K, 51% used [0x00000000eab00000,0x00000000eb626940,0x00000000ec080000)
  from space 1536K, 85% used [0x00000000ec380000,0x00000000ec4c8b58,0x00000000ec500000)
  to   space 2048K, 0% used [0x00000000ec100000,0x00000000ec100000,0x00000000ec300000)
 ParOldGen       total 68608K, used 19794K [0x00000000c0000000, 0x00000000c4300000, 0x00000000eab00000)
  object space 68608K, 28% used [0x00000000c0000000,0x00000000c13549d0,0x00000000c4300000)
 Metaspace       used 51187K, committed 52160K, reserved 1097728K
  class space    used 5448K, committed 5888K, reserved 1048576K
GC Heap History (20 events):
Event: 26.812 GC heap before
{Heap before GC invocations=9 (full 1):
 PSYoungGen      total 27648K, used 27396K [0x00000000eab00000, 0x00000000ec980000, 0x0000000100000000)
  eden space 24064K, 100% used [0x00000000eab00000,0x00000000ec280000,0x00000000ec280000)
  from space 3584K, 92% used [0x00000000ec300000,0x00000000ec6410b0,0x00000000ec680000)
  to   space 3072K, 0% used [0x00000000ec680000,0x00000000ec680000,0x00000000ec980000)
 ParOldGen       total 68608K, used 8229K [0x00000000c0000000, 0x00000000c4300000, 0x00000000eab00000)
  object space 68608K, 11% used [0x00000000c0000000,0x00000000c0809448,0x00000000c4300000)
 Metaspace       used 33340K, committed 33984K, reserved 1081344K
  class space    used 3414K, committed 3712K, reserved 1048576K
}
Event: 26.817 GC heap after
{Heap after GC invocations=9 (full 1):
 PSYoungGen      total 26624K, used 3040K [0x00000000eab00000, 0x00000000eca00000, 0x0000000100000000)
  eden space 23552K, 0% used [0x00000000eab00000,0x00000000eab00000,0x00000000ec200000)
  from space 3072K, 98% used [0x00000000ec680000,0x00000000ec978118,0x00000000ec980000)
  to   space 4096K, 0% used [0x00000000ec200000,0x00000000ec200000,0x00000000ec600000)
 ParOldGen       total 68608K, used 9006K [0x00000000c0000000, 0x00000000c4300000, 0x00000000eab00000)
  object space 68608K, 13% used [0x00000000c0000000,0x00000000c08cbb00,0x00000000c4300000)
 Metaspace       used 33340K, committed 33984K, reserved 1081344K
  class space    used 3414K, committed 3712K, reserved 1048576K
}
Event: 27.336 GC heap before
{Heap before GC invocations=10 (full 1):
 PSYoungGen      total 26624K, used 21399K [0x00000000eab00000, 0x00000000eca00000, 0x0000000100000000)
  eden space 23552K, 77% used [0x00000000eab00000,0x00000000ebcedcc0,0x00000000ec200000)
  from space 3072K, 98% used [0x00000000ec680000,0x00000000ec978118,0x00000000ec980000)
  to   space 4096K, 0% used [0x00000000ec200000,0x00000000ec200000,0x00000000ec600000)
 ParOldGen       total 68608K, used 9006K [0x00000000c0000000, 0x00000000c4300000, 0x00000000eab00000)
  object space 68608K, 13% used [0x00000000c0000000,0x00000000c08cbb00,0x00000000c4300000)
 Metaspace       used 35142K, committed 35840K, reserved 1081344K
  class space    used 3629K, committed 3968K, reserved 1048576K
}
Event: 27.340 GC heap after
{Heap after GC invocations=10 (full 1):
 PSYoungGen      total 25088K, used 1435K [0x00000000eab00000, 0x00000000ec700000, 0x0000000100000000)
  eden space 23552K, 0% used [0x00000000eab00000,0x00000000eab00000,0x00000000ec200000)
  from space 1536K, 93% used [0x00000000ec200000,0x00000000ec366f38,0x00000000ec380000)
  to   space 2560K, 0% used [0x00000000ec480000,0x00000000ec480000,0x00000000ec700000)
 ParOldGen       total 68608K, used 11566K [0x00000000c0000000, 0x00000000c4300000, 0x00000000eab00000)
  object space 68608K, 16% used [0x00000000c0000000,0x00000000c0b4b920,0x00000000c4300000)
 Metaspace       used 35142K, committed 35840K, reserved 1081344K
  class space    used 3629K, committed 3968K, reserved 1048576K
}
Event: 27.340 GC heap before
{Heap before GC invocations=11 (full 2):
 PSYoungGen      total 25088K, used 1435K [0x00000000eab00000, 0x00000000ec700000, 0x0000000100000000)
  eden space 23552K, 0% used [0x00000000eab00000,0x00000000eab00000,0x00000000ec200000)
  from space 1536K, 93% used [0x00000000ec200000,0x00000000ec366f38,0x00000000ec380000)
  to   space 2560K, 0% used [0x00000000ec480000,0x00000000ec480000,0x00000000ec700000)
 ParOldGen       total 68608K, used 11566K [0x00000000c0000000, 0x00000000c4300000, 0x00000000eab00000)
  object space 68608K, 16% used [0x00000000c0000000,0x00000000c0b4b920,0x00000000c4300000)
 Metaspace       used 35142K, committed 35840K, reserved 1081344K
  class space    used 3629K, committed 3968K, reserved 1048576K
}
Event: 27.378 GC heap after
{Heap after GC invocations=11 (full 2):
 PSYoungGen      total 25088K, used 0K [0x00000000eab00000, 0x00000000ec700000, 0x0000000100000000)
  eden space 23552K, 0% used [0x00000000eab00000,0x00000000eab00000,0x00000000ec200000)
  from space 1536K, 0% used [0x00000000ec200000,0x00000000ec200000,0x00000000ec380000)
  to   space 2560K, 0% used [0x00000000ec480000,0x00000000ec480000,0x00000000ec700000)
 ParOldGen       total 68608K, used 12605K [0x00000000c0000000, 0x00000000c4300000, 0x00000000eab00000)
  object space 68608K, 18% used [0x00000000c0000000,0x00000000c0c4f600,0x00000000c4300000)
 Metaspace       used 35142K, committed 35840K, reserved 1081344K
  class space    used 3629K, committed 3968K, reserved 1048576K
}
Event: 28.436 GC heap before
{Heap before GC invocations=12 (full 2):
 PSYoungGen      total 25088K, used 23552K [0x00000000eab00000, 0x00000000ec700000, 0x0000000100000000)
  eden space 23552K, 100% used [0x00000000eab00000,0x00000000ec200000,0x00000000ec200000)
  from space 1536K, 0% used [0x00000000ec200000,0x00000000ec200000,0x00000000ec380000)
  to   space 2560K, 0% used [0x00000000ec480000,0x00000000ec480000,0x00000000ec700000)
 ParOldGen       total 68608K, used 12605K [0x00000000c0000000, 0x00000000c4300000, 0x00000000eab00000)
  object space 68608K, 18% used [0x00000000c0000000,0x00000000c0c4f600,0x00000000c4300000)
 Metaspace       used 37947K, committed 38656K, reserved 1089536K
  class space    used 3985K, committed 4288K, reserved 1048576K
}
Event: 28.439 GC heap after
{Heap after GC invocations=12 (full 2):
 PSYoungGen      total 25088K, used 1868K [0x00000000eab00000, 0x00000000ec680000, 0x0000000100000000)
  eden space 23040K, 0% used [0x00000000eab00000,0x00000000eab00000,0x00000000ec180000)
  from space 2048K, 91% used [0x00000000ec480000,0x00000000ec6530c8,0x00000000ec680000)
  to   space 2048K, 0% used [0x00000000ec280000,0x00000000ec280000,0x00000000ec480000)
 ParOldGen       total 68608K, used 12613K [0x00000000c0000000, 0x00000000c4300000, 0x00000000eab00000)
  object space 68608K, 18% used [0x00000000c0000000,0x00000000c0c51600,0x00000000c4300000)
 Metaspace       used 37947K, committed 38656K, reserved 1089536K
  class space    used 3985K, committed 4288K, reserved 1048576K
}
Event: 30.033 GC heap before
{Heap before GC invocations=13 (full 2):
 PSYoungGen      total 25088K, used 24908K [0x00000000eab00000, 0x00000000ec680000, 0x0000000100000000)
  eden space 23040K, 99% used [0x00000000eab00000,0x00000000ec17fff0,0x00000000ec180000)
  from space 2048K, 91% used [0x00000000ec480000,0x00000000ec6530c8,0x00000000ec680000)
  to   space 2048K, 0% used [0x00000000ec280000,0x00000000ec280000,0x00000000ec480000)
 ParOldGen       total 68608K, used 12613K [0x00000000c0000000, 0x00000000c4300000, 0x00000000eab00000)
  object space 68608K, 18% used [0x00000000c0000000,0x00000000c0c51600,0x00000000c4300000)
 Metaspace       used 41296K, committed 42176K, reserved 1089536K
  class space    used 4368K, committed 4736K, reserved 1048576K
}
Event: 30.037 GC heap after
{Heap after GC invocations=13 (full 2):
 PSYoungGen      total 24064K, used 1527K [0x00000000eab00000, 0x00000000ec500000, 0x0000000100000000)
  eden space 22528K, 0% used [0x00000000eab00000,0x00000000eab00000,0x00000000ec100000)
  from space 1536K, 99% used [0x00000000ec280000,0x00000000ec3fdf38,0x00000000ec400000)
  to   space 1024K, 0% used [0x00000000ec400000,0x00000000ec400000,0x00000000ec500000)
 ParOldGen       total 68608K, used 14349K [0x00000000c0000000, 0x00000000c4300000, 0x00000000eab00000)
  object space 68608K, 20% used [0x00000000c0000000,0x00000000c0e035a8,0x00000000c4300000)
 Metaspace       used 41296K, committed 42176K, reserved 1089536K
  class space    used 4368K, committed 4736K, reserved 1048576K
}
Event: 35.407 GC heap before
{Heap before GC invocations=14 (full 2):
 PSYoungGen      total 24064K, used 24055K [0x00000000eab00000, 0x00000000ec500000, 0x0000000100000000)
  eden space 22528K, 100% used [0x00000000eab00000,0x00000000ec100000,0x00000000ec100000)
  from space 1536K, 99% used [0x00000000ec280000,0x00000000ec3fdf38,0x00000000ec400000)
  to   space 1024K, 0% used [0x00000000ec400000,0x00000000ec400000,0x00000000ec500000)
 ParOldGen       total 68608K, used 14349K [0x00000000c0000000, 0x00000000c4300000, 0x00000000eab00000)
  object space 68608K, 20% used [0x00000000c0000000,0x00000000c0e035a8,0x00000000c4300000)
 Metaspace       used 43584K, committed 44480K, reserved 1089536K
  class space    used 4657K, committed 5056K, reserved 1048576K
}
Event: 35.410 GC heap after
{Heap after GC invocations=14 (full 2):
 PSYoungGen      total 23040K, used 995K [0x00000000eab00000, 0x00000000ec580000, 0x0000000100000000)
  eden space 22016K, 0% used [0x00000000eab00000,0x00000000eab00000,0x00000000ec080000)
  from space 1024K, 97% used [0x00000000ec400000,0x00000000ec4f8c90,0x00000000ec500000)
  to   space 2560K, 0% used [0x00000000ec080000,0x00000000ec080000,0x00000000ec300000)
 ParOldGen       total 68608K, used 15581K [0x00000000c0000000, 0x00000000c4300000, 0x00000000eab00000)
  object space 68608K, 22% used [0x00000000c0000000,0x00000000c0f37490,0x00000000c4300000)
 Metaspace       used 43584K, committed 44480K, reserved 1089536K
  class space    used 4657K, committed 5056K, reserved 1048576K
}
Event: 40.113 GC heap before
{Heap before GC invocations=15 (full 2):
 PSYoungGen      total 23040K, used 23011K [0x00000000eab00000, 0x00000000ec580000, 0x0000000100000000)
  eden space 22016K, 100% used [0x00000000eab00000,0x00000000ec080000,0x00000000ec080000)
  from space 1024K, 97% used [0x00000000ec400000,0x00000000ec4f8c90,0x00000000ec500000)
  to   space 2560K, 0% used [0x00000000ec080000,0x00000000ec080000,0x00000000ec300000)
 ParOldGen       total 68608K, used 15581K [0x00000000c0000000, 0x00000000c4300000, 0x00000000eab00000)
  object space 68608K, 22% used [0x00000000c0000000,0x00000000c0f37490,0x00000000c4300000)
 Metaspace       used 46507K, committed 47424K, reserved 1097728K
  class space    used 5003K, committed 5440K, reserved 1048576K
}
Event: 40.116 GC heap after
{Heap after GC invocations=15 (full 2):
 PSYoungGen      total 23552K, used 1158K [0x00000000eab00000, 0x00000000ec480000, 0x0000000100000000)
  eden space 22016K, 0% used [0x00000000eab00000,0x00000000eab00000,0x00000000ec080000)
  from space 1536K, 75% used [0x00000000ec080000,0x00000000ec1a1a30,0x00000000ec200000)
  to   space 2048K, 0% used [0x00000000ec280000,0x00000000ec280000,0x00000000ec480000)
 ParOldGen       total 68608K, used 16538K [0x00000000c0000000, 0x00000000c4300000, 0x00000000eab00000)
  object space 68608K, 24% used [0x00000000c0000000,0x00000000c1026bb0,0x00000000c4300000)
 Metaspace       used 46507K, committed 47424K, reserved 1097728K
  class space    used 5003K, committed 5440K, reserved 1048576K
}
Event: 46.236 GC heap before
{Heap before GC invocations=16 (full 2):
 PSYoungGen      total 23552K, used 23174K [0x00000000eab00000, 0x00000000ec480000, 0x0000000100000000)
  eden space 22016K, 100% used [0x00000000eab00000,0x00000000ec080000,0x00000000ec080000)
  from space 1536K, 75% used [0x00000000ec080000,0x00000000ec1a1a30,0x00000000ec200000)
  to   space 2048K, 0% used [0x00000000ec280000,0x00000000ec280000,0x00000000ec480000)
 ParOldGen       total 68608K, used 16538K [0x00000000c0000000, 0x00000000c4300000, 0x00000000eab00000)
  object space 68608K, 24% used [0x00000000c0000000,0x00000000c1026bb0,0x00000000c4300000)
 Metaspace       used 48160K, committed 49088K, reserved 1097728K
  class space    used 5172K, committed 5568K, reserved 1048576K
}
Event: 46.239 GC heap after
{Heap after GC invocations=16 (full 2):
 PSYoungGen      total 23040K, used 672K [0x00000000eab00000, 0x00000000ec380000, 0x0000000100000000)
  eden space 22016K, 0% used [0x00000000eab00000,0x00000000eab00000,0x00000000ec080000)
  from space 1024K, 65% used [0x00000000ec280000,0x00000000ec328000,0x00000000ec380000)
  to   space 1024K, 0% used [0x00000000ec180000,0x00000000ec180000,0x00000000ec280000)
 ParOldGen       total 68608K, used 17661K [0x00000000c0000000, 0x00000000c4300000, 0x00000000eab00000)
  object space 68608K, 25% used [0x00000000c0000000,0x00000000c113f7e8,0x00000000c4300000)
 Metaspace       used 48160K, committed 49088K, reserved 1097728K
  class space    used 5172K, committed 5568K, reserved 1048576K
}
Event: 52.568 GC heap before
{Heap before GC invocations=17 (full 2):
 PSYoungGen      total 23040K, used 22669K [0x00000000eab00000, 0x00000000ec380000, 0x0000000100000000)
  eden space 22016K, 99% used [0x00000000eab00000,0x00000000ec07b4f8,0x00000000ec080000)
  from space 1024K, 65% used [0x00000000ec280000,0x00000000ec328000,0x00000000ec380000)
  to   space 1024K, 0% used [0x00000000ec180000,0x00000000ec180000,0x00000000ec280000)
 ParOldGen       total 68608K, used 17661K [0x00000000c0000000, 0x00000000c4300000, 0x00000000eab00000)
  object space 68608K, 25% used [0x00000000c0000000,0x00000000c113f7e8,0x00000000c4300000)
 Metaspace       used 49446K, committed 50368K, reserved 1097728K
  class space    used 5282K, committed 5696K, reserved 1048576K
}
Event: 52.571 GC heap after
{Heap after GC invocations=17 (full 2):
 PSYoungGen      total 23040K, used 1007K [0x00000000eab00000, 0x00000000ec680000, 0x0000000100000000)
  eden space 22016K, 0% used [0x00000000eab00000,0x00000000eab00000,0x00000000ec080000)
  from space 1024K, 98% used [0x00000000ec180000,0x00000000ec27bee8,0x00000000ec280000)
  to   space 3072K, 0% used [0x00000000ec380000,0x00000000ec380000,0x00000000ec680000)
 ParOldGen       total 68608K, used 19138K [0x00000000c0000000, 0x00000000c4300000, 0x00000000eab00000)
  object space 68608K, 27% used [0x00000000c0000000,0x00000000c12b0850,0x00000000c4300000)
 Metaspace       used 49446K, committed 50368K, reserved 1097728K
  class space    used 5282K, committed 5696K, reserved 1048576K
}
Event: 52.710 GC heap before
{Heap before GC invocations=18 (full 2):
 PSYoungGen      total 23040K, used 23023K [0x00000000eab00000, 0x00000000ec680000, 0x0000000100000000)
  eden space 22016K, 100% used [0x00000000eab00000,0x00000000ec080000,0x00000000ec080000)
  from space 1024K, 98% used [0x00000000ec180000,0x00000000ec27bee8,0x00000000ec280000)
  to   space 3072K, 0% used [0x00000000ec380000,0x00000000ec380000,0x00000000ec680000)
 ParOldGen       total 68608K, used 19138K [0x00000000c0000000, 0x00000000c4300000, 0x00000000eab00000)
  object space 68608K, 27% used [0x00000000c0000000,0x00000000c12b0850,0x00000000c4300000)
 Metaspace       used 49472K, committed 50368K, reserved 1097728K
  class space    used 5282K, committed 5696K, reserved 1048576K
}
Event: 52.712 GC heap after
{Heap after GC invocations=18 (full 2):
 PSYoungGen      total 23552K, used 1314K [0x00000000eab00000, 0x00000000ec500000, 0x0000000100000000)
  eden space 22016K, 0% used [0x00000000eab00000,0x00000000eab00000,0x00000000ec080000)
  from space 1536K, 85% used [0x00000000ec380000,0x00000000ec4c8b58,0x00000000ec500000)
  to   space 2048K, 0% used [0x00000000ec100000,0x00000000ec100000,0x00000000ec300000)
 ParOldGen       total 68608K, used 19794K [0x00000000c0000000, 0x00000000c4300000, 0x00000000eab00000)
  object space 68608K, 28% used [0x00000000c0000000,0x00000000c13549d0,0x00000000c4300000)
 Metaspace       used 49472K, committed 50368K, reserved 1097728K
  class space    used 5282K, committed 5696K, reserved 1048576K
}

